# JRE version: OpenJDK Runtime Environment Microsoft-8035246 (17.0.8+7) (build 17.0.8+7-LTS)
# Java VM: OpenJDK 64-Bit Server VM Microsoft-8035246 (17.0.8+7-LTS, mixed mode, sharing, tiered, compressed oops, compressed class ptrs, g1 gc, windows-amd64)
GC Precious Log:
 CPUs: 4 total, 4 available
 Memory: 12199M
 Large Page Support: Disabled
 NUMA Support: Disabled
 Compressed Oops: Enabled (32-bit)
 Heap Region Size: 1M
 Heap Min Capacity: 8M
 Heap Initial Capacity: 192M
 Heap Max Capacity: 2G
 Pre-touch: Disabled
 Parallel Workers: 4
 Concurrent Workers: 1
 Concurrent Refinement Workers: 4
 Periodic GC: Disabled
Heap:
 garbage-first heap   total 373760K, used 238970K [0x0000000080000000, 0x0000000100000000)
  region size 1024K, 93 young (95232K), 12 survivors (12288K)
 Metaspace       used 101816K, committed 102784K, reserved 557056K
  class space    used 14153K, committed 14592K, reserved 425984K
GC Heap History (20 events):
Event: 37.867 GC heap before
{Heap before GC invocations=41 (full 0):
 garbage-first heap   total 181248K, used 134763K [0x0000000080000000, 0x0000000100000000)
  region size 1024K, 42 young (43008K), 1 survivors (1024K)
 Metaspace       used 82994K, committed 83776K, reserved 557056K
  class space    used 11518K, committed 11904K, reserved 425984K
}
Event: 37.874 GC heap after
{Heap after GC invocations=42 (full 0):
 garbage-first heap   total 181248K, used 95418K [0x0000000080000000, 0x0000000100000000)
  region size 1024K, 3 young (3072K), 3 survivors (3072K)
 Metaspace       used 82994K, committed 83776K, reserved 557056K
  class space    used 11518K, committed 11904K, reserved 425984K
}
Event: 38.865 GC heap before
{Heap before GC invocations=43 (full 0):
 garbage-first heap   total 181248K, used 146618K [0x0000000080000000, 0x0000000100000000)
  region size 1024K, 52 young (53248K), 3 survivors (3072K)
 Metaspace       used 86410K, committed 87232K, reserved 557056K
  class space    used 12150K, committed 12544K, reserved 425984K
}
Event: 38.873 GC heap after
{Heap after GC invocations=44 (full 0):
 garbage-first heap   total 181248K, used 96594K [0x0000000080000000, 0x0000000100000000)
  region size 1024K, 4 young (4096K), 4 survivors (4096K)
 Metaspace       used 86410K, committed 87232K, reserved 557056K
  class space    used 12150K, committed 12544K, reserved 425984K
}
Event: 38.961 GC heap before
{Heap before GC invocations=44 (full 0):
 garbage-first heap   total 181248K, used 100690K [0x0000000080000000, 0x0000000100000000)
  region size 1024K, 8 young (8192K), 4 survivors (4096K)
 Metaspace       used 86685K, committed 87488K, reserved 557056K
  class space    used 12183K, committed 12544K, reserved 425984K
}
Event: 38.970 GC heap after
{Heap after GC invocations=45 (full 0):
 garbage-first heap   total 181248K, used 96407K [0x0000000080000000, 0x0000000100000000)
  region size 1024K, 1 young (1024K), 1 survivors (1024K)
 Metaspace       used 86685K, committed 87488K, reserved 557056K
  class space    used 12183K, committed 12544K, reserved 425984K
}
Event: 40.596 GC heap before
{Heap before GC invocations=45 (full 0):
 garbage-first heap   total 181248K, used 148631K [0x0000000080000000, 0x0000000100000000)
  region size 1024K, 52 young (53248K), 1 survivors (1024K)
 Metaspace       used 89284K, committed 90240K, reserved 557056K
  class space    used 12548K, committed 12992K, reserved 425984K
}
Event: 40.608 GC heap after
{Heap after GC invocations=46 (full 0):
 garbage-first heap   total 181248K, used 101203K [0x0000000080000000, 0x0000000100000000)
  region size 1024K, 6 young (6144K), 6 survivors (6144K)
 Metaspace       used 89284K, committed 90240K, reserved 557056K
  class space    used 12548K, committed 12992K, reserved 425984K
}
Event: 41.876 GC heap before
{Heap before GC invocations=47 (full 0):
 garbage-first heap   total 184320K, used 152403K [0x0000000080000000, 0x0000000100000000)
  region size 1024K, 52 young (53248K), 6 survivors (6144K)
 Metaspace       used 90401K, committed 91328K, reserved 557056K
  class space    used 12735K, committed 13184K, reserved 425984K
}
Event: 41.894 GC heap after
{Heap after GC invocations=48 (full 0):
 garbage-first heap   total 184320K, used 115022K [0x0000000080000000, 0x0000000100000000)
  region size 1024K, 7 young (7168K), 7 survivors (7168K)
 Metaspace       used 90401K, committed 91328K, reserved 557056K
  class space    used 12735K, committed 13184K, reserved 425984K
}
Event: 41.969 GC heap before
{Heap before GC invocations=48 (full 0):
 garbage-first heap   total 184320K, used 117070K [0x0000000080000000, 0x0000000100000000)
  region size 1024K, 9 young (9216K), 7 survivors (7168K)
 Metaspace       used 90438K, committed 91328K, reserved 557056K
  class space    used 12737K, committed 13184K, reserved 425984K
}
Event: 41.983 GC heap after
{Heap after GC invocations=49 (full 0):
 garbage-first heap   total 373760K, used 115847K [0x0000000080000000, 0x0000000100000000)
  region size 1024K, 1 young (1024K), 1 survivors (1024K)
 Metaspace       used 90438K, committed 91328K, reserved 557056K
  class space    used 12737K, committed 13184K, reserved 425984K
}
Event: 42.763 GC heap before
{Heap before GC invocations=49 (full 0):
 garbage-first heap   total 373760K, used 138375K [0x0000000080000000, 0x0000000100000000)
  region size 1024K, 24 young (24576K), 1 survivors (1024K)
 Metaspace       used 90868K, committed 91776K, reserved 557056K
  class space    used 12766K, committed 13184K, reserved 425984K
}
Event: 42.776 GC heap after
{Heap after GC invocations=50 (full 0):
 garbage-first heap   total 373760K, used 119962K [0x0000000080000000, 0x0000000100000000)
  region size 1024K, 5 young (5120K), 5 survivors (5120K)
 Metaspace       used 90868K, committed 91776K, reserved 557056K
  class space    used 12766K, committed 13184K, reserved 425984K
}
Event: 46.381 GC heap before
{Heap before GC invocations=51 (full 0):
 garbage-first heap   total 373760K, used 276634K [0x0000000080000000, 0x0000000100000000)
  region size 1024K, 156 young (159744K), 5 survivors (5120K)
 Metaspace       used 99054K, committed 100032K, reserved 557056K
  class space    used 13844K, committed 14272K, reserved 425984K
}
Event: 46.416 GC heap after
{Heap after GC invocations=52 (full 0):
 garbage-first heap   total 373760K, used 142514K [0x0000000080000000, 0x0000000100000000)
  region size 1024K, 20 young (20480K), 20 survivors (20480K)
 Metaspace       used 99054K, committed 100032K, reserved 557056K
  class space    used 13844K, committed 14272K, reserved 425984K
}
Event: 46.430 GC heap before
{Heap before GC invocations=52 (full 0):
 garbage-first heap   total 373760K, used 143538K [0x0000000080000000, 0x0000000100000000)
  region size 1024K, 21 young (21504K), 20 survivors (20480K)
 Metaspace       used 99111K, committed 100096K, reserved 557056K
  class space    used 13851K, committed 14272K, reserved 425984K
}
Event: 46.455 GC heap after
{Heap after GC invocations=53 (full 0):
 garbage-first heap   total 373760K, used 143987K [0x0000000080000000, 0x0000000100000000)
  region size 1024K, 2 young (2048K), 2 survivors (2048K)
 Metaspace       used 99111K, committed 100096K, reserved 557056K
  class space    used 13851K, committed 14272K, reserved 425984K
}
Event: 49.829 GC heap before
{Heap before GC invocations=53 (full 0):
 garbage-first heap   total 373760K, used 279155K [0x0000000080000000, 0x0000000100000000)
  region size 1024K, 134 young (137216K), 2 survivors (2048K)
 Metaspace       used 101445K, committed 102528K, reserved 557056K
  class space    used 14098K, committed 14592K, reserved 425984K
}
Event: 49.858 GC heap after
{Heap after GC invocations=54 (full 0):
 garbage-first heap   total 373760K, used 153978K [0x0000000080000000, 0x0000000100000000)
  region size 1024K, 12 young (12288K), 12 survivors (12288K)
 Metaspace       used 101445K, committed 102528K, reserved 557056K
  class space    used 14098K, committed 14592K, reserved 425984K
}

